[INFO] Scanning for projects...
[INFO] 
[INFO] -------------------------< com.elitan:backend >-------------------------
[INFO] Building backend 0.0.1-SNAPSHOT
[INFO]   from pom.xml
[INFO] --------------------------------[ jar ]---------------------------------
[INFO] 
[INFO] --- clean:3.4.1:clean (default-clean) @ backend ---
[INFO] Deleting C:\DOAN_J2EE\etalian website\backend\target
[INFO] 
[INFO] --- resources:3.3.1:resources (default-resources) @ backend ---
[INFO] Copying 1 resource from src\main\resources to target\classes
[INFO] Copying 1 resource from src\main\resources to target\classes
[INFO] 
[INFO] --- compiler:3.13.0:compile (default-compile) @ backend ---
[INFO] Recompiling the module because of changed source code.
[INFO] Compiling 78 source files with javac [debug parameters release 17] to target\classes
[INFO] /C:/DOAN_J2EE/etalian website/backend/src/main/java/com/elitan/backend/service/ProductCacheService.java: C:\DOAN_J2EE\etalian website\backend\src\main\java\com\elitan\backend\service\ProductCacheService.java uses or overrides a deprecated API.
[INFO] /C:/DOAN_J2EE/etalian website/backend/src/main/java/com/elitan/backend/service/ProductCacheService.java: Recompile with -Xlint:deprecation for details.
[INFO] /C:/DOAN_J2EE/etalian website/backend/src/main/java/com/elitan/backend/service/AdminService.java: C:\DOAN_J2EE\etalian website\backend\src\main\java\com\elitan\backend\service\AdminService.java uses unchecked or unsafe operations.
[INFO] /C:/DOAN_J2EE/etalian website/backend/src/main/java/com/elitan/backend/service/AdminService.java: Recompile with -Xlint:unchecked for details.
[INFO] -------------------------------------------------------------
[ERROR] COMPILATION ERROR : 
[INFO] -------------------------------------------------------------
[ERROR] /C:/DOAN_J2EE/etalian website/backend/src/main/java/com/elitan/backend/service/ClarifaiService.java:[78,25] cannot find symbol
  symbol:   method setSearch(com.clarifai.grpc.api.Search)
  location: class com.clarifai.grpc.api.PostAnnotationsSearchesRequest.Builder
[INFO] 1 error
[INFO] -------------------------------------------------------------
[INFO] ------------------------------------------------------------------------
[INFO] BUILD FAILURE
[INFO] ------------------------------------------------------------------------
[INFO] Total time:  7.710 s
[INFO] Finished at: 2026-03-27T02:21:28+07:00
[INFO] ------------------------------------------------------------------------
[ERROR] Failed to execute goal org.apache.maven.plugins:maven-compiler-plugin:3.13.0:compile (default-compile) on project backend: Compilation failure
[ERROR] /C:/DOAN_J2EE/etalian website/backend/src/main/java/com/elitan/backend/service/ClarifaiService.java:[78,25] cannot find symbol
[ERROR]   symbol:   method setSearch(com.clarifai.grpc.api.Search)
[ERROR]   location: class com.clarifai.grpc.api.PostAnnotationsSearchesRequest.Builder
[ERROR] -> [Help 1]
[ERROR] 
[ERROR] To see the full stack trace of the errors, re-run Maven with the -e switch.
[ERROR] Re-run Maven using the -X switch to enable full debug logging.
[ERROR] 
[ERROR] For more information about the errors and possible solutions, please read the following articles:
[ERROR] [Help 1] http://cwiki.apache.org/confluence/display/MAVEN/MojoFailureException
